<?xml version="1.0" encoding="UTF-8"?>
<!-- Generated by org.testng.reporters.JUnitReportReporter -->
<testsuite hostname="dev-ser4" name="com.ecareer.tests.LoginTest" tests="1" failures="0" timestamp="11 Aug 2016 12:25:11 GMT" time="2.120" errors="0">
  <testcase name="testLoginSuccessfull" time="2.120" classname="com.ecareer.tests.LoginTest"/>
</testsuite> <!-- com.ecareer.tests.LoginTest -->
