<?xml version="1.0" encoding="UTF-8"?>
<!-- Generated by org.testng.reporters.JUnitReportReporter -->
<testsuite hostname="dev-ser4" name="com.ecareer.tests.RegisterTest" tests="1" failures="0" timestamp="11 Aug 2016 12:44:53 GMT" time="28.407" errors="0">
  <testcase name="testSignUp" time="28.407" classname="com.ecareer.tests.RegisterTest"/>
</testsuite> <!-- com.ecareer.tests.RegisterTest -->
